<?xml version="1.0" encoding="UTF-8"?>
<testsuite name="PencilSharpenerTest" tests="2" skipped="0" failures="0" errors="0" timestamp="2018-09-20T20:10:03" hostname="PYOOTER" time="0.02">
  <properties/>
  <testcase name="sharpenDecrementsPencilLength" classname="PencilSharpenerTest" time="0.019"/>
  <testcase name="sharpenResetsPencilSharpnessToOriginalSharpness" classname="PencilSharpenerTest" time="0.001"/>
  <system-out><![CDATA[]]></system-out>
  <system-err><![CDATA[]]></system-err>
</testsuite>
